<beans xmlns:xsi="http://www.w3.org/2001/XMLSchema-instance"
       xmlns="http://www.springframework.org/schema/beans"
       xsi:schemaLocation="http://www.springframework.org/schema/beans
       http://www.springframework.org/schema/beans/spring-beans-2.5.xsd">

    <bean id="testRule" class="TestRule" />

    <bean id="resultBuilder" class="org.bm.files.rules.ResultBuilder" factory-method="create" />

</beans>